<?xml version="1.0" encoding="UTF-8"?>
<!-- Generated by org.testng.reporters.JUnitReportReporter -->
<testsuite hostname="PQA-0591LT" failures="0" tests="1" name="myLearning.Test2" time="0.002" errors="0" timestamp="2023-10-11T23:46:34 EDT" skipped="0">
  <testcase classname="myLearning.Test2" name="NextLevelTest" time="0.002"/>
  <system-out/>
</testsuite> <!-- myLearning.Test2 -->
