<?xml version="1.0" encoding="UTF-8"?>
<!-- Generated by org.testng.reporters.JUnitReportReporter -->
<testsuite hostname="PQA-0591LT" failures="0" tests="2" name="myLearning.LearnExtentReports" time="6.623" errors="0" timestamp="2023-10-11T23:10:02 EDT" skipped="0">
  <testcase classname="myLearning.LearnExtentReports" name="SimpleTest" time="6.110"/>
  <system-out/>
  <testcase classname="myLearning.LearnExtentReports" name="FailedTest" time="0.513"/>
  <system-out/>
</testsuite> <!-- myLearning.LearnExtentReports -->
